# JRE version: OpenJDK Runtime Environment Temurin-21.0.10+7 (21.0.10+7) (build 21.0.10+7-LTS)
# Java VM: OpenJDK 64-Bit Server VM Temurin-21.0.10+7 (21.0.10+7-LTS, mixed mode, sharing, tiered, compressed oops, compressed class ptrs, parallel gc, windows-amd64)
GC Precious Log:
 CardTable entry size: 512
 CPUs: 8 total, 8 available
 Memory: 16243M
 Large Page Support: Disabled
 NUMA Support: Disabled
 Compressed Oops: Enabled (32-bit)
 Alignments: Space 512K, Generation 512K, Heap 2M
 Heap Min Capacity: 100M
 Heap Initial Capacity: 100M
 Heap Max Capacity: 2G
 Pre-touch: Disabled
 Parallel Workers: 8
Heap:
 PSYoungGen      total 9216K, used 7816K [0x00000000d5580000, 0x00000000d6f80000, 0x0000000100000000)
  eden space 5120K, 72% used [0x00000000d5580000,0x00000000d5924ff0,0x00000000d5a80000)
  from space 4096K, 99% used [0x00000000d6480000,0x00000000d687d258,0x00000000d6880000)
  to   space 10240K, 0% used [0x00000000d5a80000,0x00000000d5a80000,0x00000000d6480000)
 ParOldGen       total 312832K, used 312320K [0x0000000080000000, 0x0000000093180000, 0x00000000d5580000)
  object space 312832K, 99% used [0x0000000080000000,0x00000000931002f0,0x0000000093180000)
 Metaspace       used 72297K, committed 73792K, reserved 1179648K
  class space    used 7627K, committed 8256K, reserved 1048576K
GC Heap History (20 events):
Event: 694.954 GC heap before
{Heap before GC invocations=234 (full 3):
 PSYoungGen      total 5120K, used 4725K [0x00000000d5580000, 0x00000000d5e00000, 0x0000000100000000)
  eden space 2560K, 100% used [0x00000000d5580000,0x00000000d5800000,0x00000000d5800000)
  from space 2560K, 84% used [0x00000000d5b80000,0x00000000d5d9d678,0x00000000d5e00000)
  to   space 2560K, 0% used [0x00000000d5900000,0x00000000d5900000,0x00000000d5b80000)
 ParOldGen       total 246272K, used 246234K [0x0000000080000000, 0x000000008f080000, 0x00000000d5580000)
  object space 246272K, 99% used [0x0000000080000000,0x000000008f0768f8,0x000000008f080000)
 Metaspace       used 72060K, committed 73600K, reserved 1114112K
  class space    used 7627K, committed 8256K, reserved 1048576K
}
Event: 694.958 GC heap after
{Heap after GC invocations=234 (full 3):
 PSYoungGen      total 5632K, used 2532K [0x00000000d5580000, 0x00000000d6280000, 0x0000000100000000)
  eden space 3072K, 0% used [0x00000000d5580000,0x00000000d5580000,0x00000000d5880000)
  from space 2560K, 98% used [0x00000000d5900000,0x00000000d5b79358,0x00000000d5b80000)
  to   space 5120K, 0% used [0x00000000d5d80000,0x00000000d5d80000,0x00000000d6280000)
 ParOldGen       total 248832K, used 248337K [0x0000000080000000, 0x000000008f300000, 0x00000000d5580000)
  object space 248832K, 99% used [0x0000000080000000,0x000000008f284490,0x000000008f300000)
 Metaspace       used 72060K, committed 73600K, reserved 1114112K
  class space    used 7627K, committed 8256K, reserved 1048576K
}
Event: 694.966 GC heap before
{Heap before GC invocations=235 (full 3):
 PSYoungGen      total 5632K, used 5604K [0x00000000d5580000, 0x00000000d6280000, 0x0000000100000000)
  eden space 3072K, 100% used [0x00000000d5580000,0x00000000d5880000,0x00000000d5880000)
  from space 2560K, 98% used [0x00000000d5900000,0x00000000d5b79358,0x00000000d5b80000)
  to   space 5120K, 0% used [0x00000000d5d80000,0x00000000d5d80000,0x00000000d6280000)
 ParOldGen       total 248832K, used 248337K [0x0000000080000000, 0x000000008f300000, 0x00000000d5580000)
  object space 248832K, 99% used [0x0000000080000000,0x000000008f284490,0x000000008f300000)
 Metaspace       used 72060K, committed 73600K, reserved 1114112K
  class space    used 7627K, committed 8256K, reserved 1048576K
}
Event: 694.979 GC heap after
{Heap after GC invocations=235 (full 3):
 PSYoungGen      total 8192K, used 3099K [0x00000000d5580000, 0x00000000d6180000, 0x0000000100000000)
  eden space 4096K, 0% used [0x00000000d5580000,0x00000000d5580000,0x00000000d5980000)
  from space 4096K, 75% used [0x00000000d5d80000,0x00000000d6086c60,0x00000000d6180000)
  to   space 4096K, 0% used [0x00000000d5980000,0x00000000d5980000,0x00000000d5d80000)
 ParOldGen       total 250880K, used 250836K [0x0000000080000000, 0x000000008f500000, 0x00000000d5580000)
  object space 250880K, 99% used [0x0000000080000000,0x000000008f4f51f8,0x000000008f500000)
 Metaspace       used 72060K, committed 73600K, reserved 1114112K
  class space    used 7627K, committed 8256K, reserved 1048576K
}
Event: 695.024 GC heap before
{Heap before GC invocations=236 (full 3):
 PSYoungGen      total 8192K, used 7195K [0x00000000d5580000, 0x00000000d6180000, 0x0000000100000000)
  eden space 4096K, 99% used [0x00000000d5580000,0x00000000d597ffd0,0x00000000d5980000)
  from space 4096K, 75% used [0x00000000d5d80000,0x00000000d6086c60,0x00000000d6180000)
  to   space 4096K, 0% used [0x00000000d5980000,0x00000000d5980000,0x00000000d5d80000)
 ParOldGen       total 250880K, used 250836K [0x0000000080000000, 0x000000008f500000, 0x00000000d5580000)
  object space 250880K, 99% used [0x0000000080000000,0x000000008f4f51f8,0x000000008f500000)
 Metaspace       used 72060K, committed 73600K, reserved 1114112K
  class space    used 7627K, committed 8256K, reserved 1048576K
}
Event: 695.030 GC heap after
{Heap after GC invocations=236 (full 3):
 PSYoungGen      total 8192K, used 4014K [0x00000000d5580000, 0x00000000d6380000, 0x0000000100000000)
  eden space 4096K, 0% used [0x00000000d5580000,0x00000000d5580000,0x00000000d5980000)
  from space 4096K, 97% used [0x00000000d5980000,0x00000000d5d6b800,0x00000000d5d80000)
  to   space 4608K, 0% used [0x00000000d5f00000,0x00000000d5f00000,0x00000000d6380000)
 ParOldGen       total 253952K, used 253840K [0x0000000080000000, 0x000000008f800000, 0x00000000d5580000)
  object space 253952K, 99% used [0x0000000080000000,0x000000008f7e4330,0x000000008f800000)
 Metaspace       used 72060K, committed 73600K, reserved 1114112K
  class space    used 7627K, committed 8256K, reserved 1048576K
}
Event: 695.085 GC heap before
{Heap before GC invocations=237 (full 3):
 PSYoungGen      total 8192K, used 8110K [0x00000000d5580000, 0x00000000d6380000, 0x0000000100000000)
  eden space 4096K, 100% used [0x00000000d5580000,0x00000000d5980000,0x00000000d5980000)
  from space 4096K, 97% used [0x00000000d5980000,0x00000000d5d6b800,0x00000000d5d80000)
  to   space 4608K, 0% used [0x00000000d5f00000,0x00000000d5f00000,0x00000000d6380000)
 ParOldGen       total 253952K, used 253840K [0x0000000080000000, 0x000000008f800000, 0x00000000d5580000)
  object space 253952K, 99% used [0x0000000080000000,0x000000008f7e4330,0x000000008f800000)
 Metaspace       used 72064K, committed 73600K, reserved 1114112K
  class space    used 7627K, committed 8256K, reserved 1048576K
}
Event: 695.092 GC heap after
{Heap after GC invocations=237 (full 3):
 PSYoungGen      total 7680K, used 2400K [0x00000000d5580000, 0x00000000d6180000, 0x0000000100000000)
  eden space 5120K, 0% used [0x00000000d5580000,0x00000000d5580000,0x00000000d5a80000)
  from space 2560K, 93% used [0x00000000d5f00000,0x00000000d6158000,0x00000000d6180000)
  to   space 3072K, 0% used [0x00000000d5b80000,0x00000000d5b80000,0x00000000d5e80000)
 ParOldGen       total 257536K, used 257365K [0x0000000080000000, 0x000000008fb80000, 0x00000000d5580000)
  object space 257536K, 99% used [0x0000000080000000,0x000000008fb55700,0x000000008fb80000)
 Metaspace       used 72064K, committed 73600K, reserved 1114112K
  class space    used 7627K, committed 8256K, reserved 1048576K
}
Event: 695.182 GC heap before
{Heap before GC invocations=238 (full 3):
 PSYoungGen      total 7680K, used 7520K [0x00000000d5580000, 0x00000000d6180000, 0x0000000100000000)
  eden space 5120K, 100% used [0x00000000d5580000,0x00000000d5a80000,0x00000000d5a80000)
  from space 2560K, 93% used [0x00000000d5f00000,0x00000000d6158000,0x00000000d6180000)
  to   space 3072K, 0% used [0x00000000d5b80000,0x00000000d5b80000,0x00000000d5e80000)
 ParOldGen       total 257536K, used 257365K [0x0000000080000000, 0x000000008fb80000, 0x00000000d5580000)
  object space 257536K, 99% used [0x0000000080000000,0x000000008fb55700,0x000000008fb80000)
 Metaspace       used 72125K, committed 73664K, reserved 1114112K
  class space    used 7627K, committed 8256K, reserved 1048576K
}
Event: 695.191 GC heap after
{Heap after GC invocations=238 (full 3):
 PSYoungGen      total 9216K, used 3072K [0x00000000d5580000, 0x00000000d6580000, 0x0000000100000000)
  eden space 6144K, 0% used [0x00000000d5580000,0x00000000d5580000,0x00000000d5b80000)
  from space 3072K, 100% used [0x00000000d5b80000,0x00000000d5e80000,0x00000000d5e80000)
  to   space 5120K, 0% used [0x00000000d6080000,0x00000000d6080000,0x00000000d6580000)
 ParOldGen       total 259072K, used 258965K [0x0000000080000000, 0x000000008fd00000, 0x00000000d5580000)
  object space 259072K, 99% used [0x0000000080000000,0x000000008fce5700,0x000000008fd00000)
 Metaspace       used 72125K, committed 73664K, reserved 1114112K
  class space    used 7627K, committed 8256K, reserved 1048576K
}
Event: 695.303 GC heap before
{Heap before GC invocations=239 (full 3):
 PSYoungGen      total 9216K, used 9216K [0x00000000d5580000, 0x00000000d6580000, 0x0000000100000000)
  eden space 6144K, 100% used [0x00000000d5580000,0x00000000d5b80000,0x00000000d5b80000)
  from space 3072K, 100% used [0x00000000d5b80000,0x00000000d5e80000,0x00000000d5e80000)
  to   space 5120K, 0% used [0x00000000d6080000,0x00000000d6080000,0x00000000d6580000)
 ParOldGen       total 290816K, used 289685K [0x0000000080000000, 0x0000000091c00000, 0x00000000d5580000)
  object space 290816K, 99% used [0x0000000080000000,0x0000000091ae5730,0x0000000091c00000)
 Metaspace       used 72154K, committed 73664K, reserved 1114112K
  class space    used 7627K, committed 8256K, reserved 1048576K
}
Event: 695.310 GC heap after
{Heap after GC invocations=239 (full 3):
 PSYoungGen      total 11264K, used 4580K [0x00000000d5580000, 0x00000000d6580000, 0x0000000100000000)
  eden space 6144K, 0% used [0x00000000d5580000,0x00000000d5580000,0x00000000d5b80000)
  from space 5120K, 89% used [0x00000000d6080000,0x00000000d64f9170,0x00000000d6580000)
  to   space 5120K, 0% used [0x00000000d5b80000,0x00000000d5b80000,0x00000000d6080000)
 ParOldGen       total 292864K, used 292771K [0x0000000080000000, 0x0000000091e00000, 0x00000000d5580000)
  object space 292864K, 99% used [0x0000000080000000,0x0000000091de8ff8,0x0000000091e00000)
 Metaspace       used 72154K, committed 73664K, reserved 1114112K
  class space    used 7627K, committed 8256K, reserved 1048576K
}
Event: 695.361 GC heap before
{Heap before GC invocations=240 (full 3):
 PSYoungGen      total 11264K, used 10724K [0x00000000d5580000, 0x00000000d6580000, 0x0000000100000000)
  eden space 6144K, 100% used [0x00000000d5580000,0x00000000d5b80000,0x00000000d5b80000)
  from space 5120K, 89% used [0x00000000d6080000,0x00000000d64f9170,0x00000000d6580000)
  to   space 5120K, 0% used [0x00000000d5b80000,0x00000000d5b80000,0x00000000d6080000)
 ParOldGen       total 292864K, used 292771K [0x0000000080000000, 0x0000000091e00000, 0x00000000d5580000)
  object space 292864K, 99% used [0x0000000080000000,0x0000000091de8ff8,0x0000000091e00000)
 Metaspace       used 72154K, committed 73664K, reserved 1114112K
  class space    used 7627K, committed 8256K, reserved 1048576K
}
Event: 695.371 GC heap after
{Heap after GC invocations=240 (full 3):
 PSYoungGen      total 11264K, used 5120K [0x00000000d5580000, 0x00000000d7480000, 0x0000000100000000)
  eden space 6144K, 0% used [0x00000000d5580000,0x00000000d5580000,0x00000000d5b80000)
  from space 5120K, 100% used [0x00000000d5b80000,0x00000000d6080000,0x00000000d6080000)
  to   space 12800K, 0% used [0x00000000d6800000,0x00000000d6800000,0x00000000d7480000)
 ParOldGen       total 299008K, used 298908K [0x0000000080000000, 0x0000000092400000, 0x00000000d5580000)
  object space 299008K, 99% used [0x0000000080000000,0x00000000923e72d8,0x0000000092400000)
 Metaspace       used 72154K, committed 73664K, reserved 1114112K
  class space    used 7627K, committed 8256K, reserved 1048576K
}
Event: 695.522 GC heap before
{Heap before GC invocations=241 (full 3):
 PSYoungGen      total 11264K, used 11264K [0x00000000d5580000, 0x00000000d7480000, 0x0000000100000000)
  eden space 6144K, 100% used [0x00000000d5580000,0x00000000d5b80000,0x00000000d5b80000)
  from space 5120K, 100% used [0x00000000d5b80000,0x00000000d6080000,0x00000000d6080000)
  to   space 12800K, 0% used [0x00000000d6800000,0x00000000d6800000,0x00000000d7480000)
 ParOldGen       total 299008K, used 298908K [0x0000000080000000, 0x0000000092400000, 0x00000000d5580000)
  object space 299008K, 99% used [0x0000000080000000,0x00000000923e72d8,0x0000000092400000)
 Metaspace       used 72176K, committed 73664K, reserved 1114112K
  class space    used 7627K, committed 8256K, reserved 1048576K
}
Event: 695.531 GC heap after
{Heap after GC invocations=241 (full 3):
 PSYoungGen      total 9728K, used 3102K [0x00000000d5580000, 0x00000000d6b80000, 0x0000000100000000)
  eden space 6144K, 0% used [0x00000000d5580000,0x00000000d5580000,0x00000000d5b80000)
  from space 3584K, 86% used [0x00000000d6800000,0x00000000d6b07b80,0x00000000d6b80000)
  to   space 6144K, 0% used [0x00000000d5f80000,0x00000000d5f80000,0x00000000d6580000)
 ParOldGen       total 304128K, used 304044K [0x0000000080000000, 0x0000000092900000, 0x00000000d5580000)
  object space 304128K, 99% used [0x0000000080000000,0x00000000928eb2d8,0x0000000092900000)
 Metaspace       used 72176K, committed 73664K, reserved 1114112K
  class space    used 7627K, committed 8256K, reserved 1048576K
}
Event: 695.576 GC heap before
{Heap before GC invocations=242 (full 3):
 PSYoungGen      total 9728K, used 9240K [0x00000000d5580000, 0x00000000d6b80000, 0x0000000100000000)
  eden space 6144K, 99% used [0x00000000d5580000,0x00000000d5b7e4d0,0x00000000d5b80000)
  from space 3584K, 86% used [0x00000000d6800000,0x00000000d6b07b80,0x00000000d6b80000)
  to   space 6144K, 0% used [0x00000000d5f80000,0x00000000d5f80000,0x00000000d6580000)
 ParOldGen       total 304128K, used 304044K [0x0000000080000000, 0x0000000092900000, 0x00000000d5580000)
  object space 304128K, 99% used [0x0000000080000000,0x00000000928eb2d8,0x0000000092900000)
 Metaspace       used 72176K, committed 73664K, reserved 1114112K
  class space    used 7627K, committed 8256K, reserved 1048576K
}
Event: 695.581 GC heap after
{Heap after GC invocations=242 (full 3):
 PSYoungGen      total 11264K, used 5031K [0x00000000d5580000, 0x00000000d6880000, 0x0000000100000000)
  eden space 6144K, 0% used [0x00000000d5580000,0x00000000d5580000,0x00000000d5b80000)
  from space 5120K, 98% used [0x00000000d5f80000,0x00000000d6469c40,0x00000000d6480000)
  to   space 4096K, 0% used [0x00000000d6480000,0x00000000d6480000,0x00000000d6880000)
 ParOldGen       total 307200K, used 307112K [0x0000000080000000, 0x0000000092c00000, 0x00000000d5580000)
  object space 307200K, 99% used [0x0000000080000000,0x0000000092bea228,0x0000000092c00000)
 Metaspace       used 72176K, committed 73664K, reserved 1114112K
  class space    used 7627K, committed 8256K, reserved 1048576K
}
Event: 695.632 GC heap before
{Heap before GC invocations=243 (full 3):
 PSYoungGen      total 11264K, used 11175K [0x00000000d5580000, 0x00000000d6880000, 0x0000000100000000)
  eden space 6144K, 100% used [0x00000000d5580000,0x00000000d5b80000,0x00000000d5b80000)
  from space 5120K, 98% used [0x00000000d5f80000,0x00000000d6469c40,0x00000000d6480000)
  to   space 4096K, 0% used [0x00000000d6480000,0x00000000d6480000,0x00000000d6880000)
 ParOldGen       total 307200K, used 307112K [0x0000000080000000, 0x0000000092c00000, 0x00000000d5580000)
  object space 307200K, 99% used [0x0000000080000000,0x0000000092bea228,0x0000000092c00000)
 Metaspace       used 72193K, committed 73728K, reserved 1179648K
  class space    used 7627K, committed 8256K, reserved 1048576K
}
Event: 695.637 GC heap after
{Heap after GC invocations=243 (full 3):
 PSYoungGen      total 9216K, used 4084K [0x00000000d5580000, 0x00000000d6f80000, 0x0000000100000000)
  eden space 5120K, 0% used [0x00000000d5580000,0x00000000d5580000,0x00000000d5a80000)
  from space 4096K, 99% used [0x00000000d6480000,0x00000000d687d258,0x00000000d6880000)
  to   space 10240K, 0% used [0x00000000d5a80000,0x00000000d5a80000,0x00000000d6480000)
 ParOldGen       total 312832K, used 312320K [0x0000000080000000, 0x0000000093180000, 0x00000000d5580000)
  object space 312832K, 99% used [0x0000000080000000,0x00000000931002f0,0x0000000093180000)
 Metaspace       used 72193K, committed 73728K, reserved 1179648K
  class space    used 7627K, committed 8256K, reserved 1048576K
}

