# JRE version: OpenJDK Runtime Environment Temurin-21.0.10+7 (21.0.10+7) (build 21.0.10+7-LTS)
# Java VM: OpenJDK 64-Bit Server VM Temurin-21.0.10+7 (21.0.10+7-LTS, mixed mode, sharing, tiered, compressed oops, compressed class ptrs, parallel gc, windows-amd64)
GC Precious Log:
 CardTable entry size: 512
 CPUs: 8 total, 8 available
 Memory: 16243M
 Large Page Support: Disabled
 NUMA Support: Disabled
 Compressed Oops: Enabled (32-bit)
 Alignments: Space 512K, Generation 512K, Heap 2M
 Heap Min Capacity: 100M
 Heap Initial Capacity: 100M
 Heap Max Capacity: 2G
 Pre-touch: Disabled
 Parallel Workers: 8
Heap:
 PSYoungGen      total 2560K, used 1241K [0x00000000d5580000, 0x00000000d5a80000, 0x0000000100000000)
  eden space 2048K, 44% used [0x00000000d5580000,0x00000000d56665b0,0x00000000d5780000)
  from space 512K, 62% used [0x00000000d5a00000,0x00000000d5a50000,0x00000000d5a80000)
  to   space 512K, 0% used [0x00000000d5980000,0x00000000d5980000,0x00000000d5a00000)
 ParOldGen       total 722432K, used 722063K [0x0000000080000000, 0x00000000ac180000, 0x00000000d5580000)
  object space 722432K, 99% used [0x0000000080000000,0x00000000ac123c90,0x00000000ac180000)
 Metaspace       used 70215K, committed 71744K, reserved 1114112K
  class space    used 7297K, committed 7936K, reserved 1048576K
GC Heap History (20 events):
Event: 355136.374 GC heap before
{Heap before GC invocations=320 (full 3):
 PSYoungGen      total 4608K, used 4128K [0x00000000d5580000, 0x00000000d5e00000, 0x0000000100000000)
  eden space 2560K, 100% used [0x00000000d5580000,0x00000000d5800000,0x00000000d5800000)
  from space 2048K, 76% used [0x00000000d5c00000,0x00000000d5d88000,0x00000000d5e00000)
  to   space 2560K, 0% used [0x00000000d5900000,0x00000000d5900000,0x00000000d5b80000)
 ParOldGen       total 709632K, used 709144K [0x0000000080000000, 0x00000000ab500000, 0x00000000d5580000)
  object space 709632K, 99% used [0x0000000080000000,0x00000000ab4862b8,0x00000000ab500000)
 Metaspace       used 70185K, committed 71680K, reserved 1114112K
  class space    used 7297K, committed 7936K, reserved 1048576K
}
Event: 355136.379 GC heap after
{Heap after GC invocations=320 (full 3):
 PSYoungGen      total 5120K, used 1856K [0x00000000d5580000, 0x00000000d5c80000, 0x0000000100000000)
  eden space 3072K, 0% used [0x00000000d5580000,0x00000000d5580000,0x00000000d5880000)
  from space 2048K, 90% used [0x00000000d5900000,0x00000000d5ad0000,0x00000000d5b00000)
  to   space 1536K, 0% used [0x00000000d5b00000,0x00000000d5b00000,0x00000000d5c80000)
 ParOldGen       total 710656K, used 710208K [0x0000000080000000, 0x00000000ab600000, 0x00000000d5580000)
  object space 710656K, 99% used [0x0000000080000000,0x00000000ab5902b8,0x00000000ab600000)
 Metaspace       used 70185K, committed 71680K, reserved 1114112K
  class space    used 7297K, committed 7936K, reserved 1048576K
}
Event: 355136.400 GC heap before
{Heap before GC invocations=321 (full 3):
 PSYoungGen      total 5120K, used 4928K [0x00000000d5580000, 0x00000000d5c80000, 0x0000000100000000)
  eden space 3072K, 100% used [0x00000000d5580000,0x00000000d5880000,0x00000000d5880000)
  from space 2048K, 90% used [0x00000000d5900000,0x00000000d5ad0000,0x00000000d5b00000)
  to   space 1536K, 0% used [0x00000000d5b00000,0x00000000d5b00000,0x00000000d5c80000)
 ParOldGen       total 710656K, used 710208K [0x0000000080000000, 0x00000000ab600000, 0x00000000d5580000)
  object space 710656K, 99% used [0x0000000080000000,0x00000000ab5902b8,0x00000000ab600000)
 Metaspace       used 70185K, committed 71680K, reserved 1114112K
  class space    used 7297K, committed 7936K, reserved 1048576K
}
Event: 355136.406 GC heap after
{Heap after GC invocations=321 (full 3):
 PSYoungGen      total 2560K, used 1525K [0x00000000d5580000, 0x00000000d6280000, 0x0000000100000000)
  eden space 1024K, 0% used [0x00000000d5580000,0x00000000d5580000,0x00000000d5680000)
  from space 1536K, 99% used [0x00000000d5b00000,0x00000000d5c7d498,0x00000000d5c80000)
  to   space 4608K, 0% used [0x00000000d5680000,0x00000000d5680000,0x00000000d5b00000)
 ParOldGen       total 712704K, used 712577K [0x0000000080000000, 0x00000000ab800000, 0x00000000d5580000)
  object space 712704K, 99% used [0x0000000080000000,0x00000000ab7e0718,0x00000000ab800000)
 Metaspace       used 70185K, committed 71680K, reserved 1114112K
  class space    used 7297K, committed 7936K, reserved 1048576K
}
Event: 355136.415 GC heap before
{Heap before GC invocations=322 (full 3):
 PSYoungGen      total 2560K, used 2530K [0x00000000d5580000, 0x00000000d6280000, 0x0000000100000000)
  eden space 1024K, 98% used [0x00000000d5580000,0x00000000d567b530,0x00000000d5680000)
  from space 1536K, 99% used [0x00000000d5b00000,0x00000000d5c7d498,0x00000000d5c80000)
  to   space 4608K, 0% used [0x00000000d5680000,0x00000000d5680000,0x00000000d5b00000)
 ParOldGen       total 712704K, used 712577K [0x0000000080000000, 0x00000000ab800000, 0x00000000d5580000)
  object space 712704K, 99% used [0x0000000080000000,0x00000000ab7e0718,0x00000000ab800000)
 Metaspace       used 70185K, committed 71680K, reserved 1114112K
  class space    used 7297K, committed 7936K, reserved 1048576K
}
Event: 355136.418 GC heap after
{Heap after GC invocations=322 (full 3):
 PSYoungGen      total 2048K, used 962K [0x00000000d5580000, 0x00000000d5b80000, 0x0000000100000000)
  eden space 1024K, 0% used [0x00000000d5580000,0x00000000d5580000,0x00000000d5680000)
  from space 1024K, 94% used [0x00000000d5680000,0x00000000d5770ab0,0x00000000d5780000)
  to   space 2048K, 0% used [0x00000000d5980000,0x00000000d5980000,0x00000000d5b80000)
 ParOldGen       total 714240K, used 714127K [0x0000000080000000, 0x00000000ab980000, 0x00000000d5580000)
  object space 714240K, 99% used [0x0000000080000000,0x00000000ab963c08,0x00000000ab980000)
 Metaspace       used 70185K, committed 71680K, reserved 1114112K
  class space    used 7297K, committed 7936K, reserved 1048576K
}
Event: 355136.428 GC heap before
{Heap before GC invocations=323 (full 3):
 PSYoungGen      total 2048K, used 1949K [0x00000000d5580000, 0x00000000d5b80000, 0x0000000100000000)
  eden space 1024K, 96% used [0x00000000d5580000,0x00000000d5676958,0x00000000d5680000)
  from space 1024K, 94% used [0x00000000d5680000,0x00000000d5770ab0,0x00000000d5780000)
  to   space 2048K, 0% used [0x00000000d5980000,0x00000000d5980000,0x00000000d5b80000)
 ParOldGen       total 714240K, used 714127K [0x0000000080000000, 0x00000000ab980000, 0x00000000d5580000)
  object space 714240K, 99% used [0x0000000080000000,0x00000000ab963c08,0x00000000ab980000)
 Metaspace       used 70185K, committed 71680K, reserved 1114112K
  class space    used 7297K, committed 7936K, reserved 1048576K
}
Event: 355136.431 GC heap after
{Heap after GC invocations=323 (full 3):
 PSYoungGen      total 2560K, used 964K [0x00000000d5580000, 0x00000000d5a80000, 0x0000000100000000)
  eden space 1536K, 0% used [0x00000000d5580000,0x00000000d5580000,0x00000000d5700000)
  from space 1024K, 94% used [0x00000000d5980000,0x00000000d5a712e0,0x00000000d5a80000)
  to   space 1536K, 0% used [0x00000000d5780000,0x00000000d5780000,0x00000000d5900000)
 ParOldGen       total 715264K, used 714948K [0x0000000080000000, 0x00000000aba80000, 0x00000000d5580000)
  object space 715264K, 99% used [0x0000000080000000,0x00000000aba31060,0x00000000aba80000)
 Metaspace       used 70185K, committed 71680K, reserved 1114112K
  class space    used 7297K, committed 7936K, reserved 1048576K
}
Event: 355136.447 GC heap before
{Heap before GC invocations=324 (full 3):
 PSYoungGen      total 2560K, used 2500K [0x00000000d5580000, 0x00000000d5a80000, 0x0000000100000000)
  eden space 1536K, 100% used [0x00000000d5580000,0x00000000d5700000,0x00000000d5700000)
  from space 1024K, 94% used [0x00000000d5980000,0x00000000d5a712e0,0x00000000d5a80000)
  to   space 1536K, 0% used [0x00000000d5780000,0x00000000d5780000,0x00000000d5900000)
 ParOldGen       total 715264K, used 714948K [0x0000000080000000, 0x00000000aba80000, 0x00000000d5580000)
  object space 715264K, 99% used [0x0000000080000000,0x00000000aba31060,0x00000000aba80000)
 Metaspace       used 70185K, committed 71680K, reserved 1114112K
  class space    used 7297K, committed 7936K, reserved 1048576K
}
Event: 355136.450 GC heap after
{Heap after GC invocations=324 (full 3):
 PSYoungGen      total 3584K, used 1418K [0x00000000d5580000, 0x00000000d5a80000, 0x0000000100000000)
  eden space 2048K, 0% used [0x00000000d5580000,0x00000000d5580000,0x00000000d5780000)
  from space 1536K, 92% used [0x00000000d5780000,0x00000000d58e2ae8,0x00000000d5900000)
  to   space 1536K, 0% used [0x00000000d5900000,0x00000000d5900000,0x00000000d5a80000)
 ParOldGen       total 715776K, used 715751K [0x0000000080000000, 0x00000000abb00000, 0x00000000d5580000)
  object space 715776K, 99% used [0x0000000080000000,0x00000000abaf9de0,0x00000000abb00000)
 Metaspace       used 70185K, committed 71680K, reserved 1114112K
  class space    used 7297K, committed 7936K, reserved 1048576K
}
Event: 355136.477 GC heap before
{Heap before GC invocations=325 (full 3):
 PSYoungGen      total 3584K, used 3058K [0x00000000d5580000, 0x00000000d5a80000, 0x0000000100000000)
  eden space 2048K, 80% used [0x00000000d5580000,0x00000000d5719f78,0x00000000d5780000)
  from space 1536K, 92% used [0x00000000d5780000,0x00000000d58e2ae8,0x00000000d5900000)
  to   space 1536K, 0% used [0x00000000d5900000,0x00000000d5900000,0x00000000d5a80000)
 ParOldGen       total 715776K, used 715751K [0x0000000080000000, 0x00000000abb00000, 0x00000000d5580000)
  object space 715776K, 99% used [0x0000000080000000,0x00000000abaf9de0,0x00000000abb00000)
 Metaspace       used 70185K, committed 71680K, reserved 1114112K
  class space    used 7297K, committed 7936K, reserved 1048576K
}
Event: 355136.480 GC heap after
{Heap after GC invocations=325 (full 3):
 PSYoungGen      total 3584K, used 1344K [0x00000000d5580000, 0x00000000d5a80000, 0x0000000100000000)
  eden space 2048K, 0% used [0x00000000d5580000,0x00000000d5580000,0x00000000d5780000)
  from space 1536K, 87% used [0x00000000d5900000,0x00000000d5a502e8,0x00000000d5a80000)
  to   space 1536K, 0% used [0x00000000d5780000,0x00000000d5780000,0x00000000d5900000)
 ParOldGen       total 717312K, used 717012K [0x0000000080000000, 0x00000000abc80000, 0x00000000d5580000)
  object space 717312K, 99% used [0x0000000080000000,0x00000000abc35128,0x00000000abc80000)
 Metaspace       used 70185K, committed 71680K, reserved 1114112K
  class space    used 7297K, committed 7936K, reserved 1048576K
}
Event: 355136.493 GC heap before
{Heap before GC invocations=326 (full 3):
 PSYoungGen      total 3584K, used 3337K [0x00000000d5580000, 0x00000000d5a80000, 0x0000000100000000)
  eden space 2048K, 97% used [0x00000000d5580000,0x00000000d57724f8,0x00000000d5780000)
  from space 1536K, 87% used [0x00000000d5900000,0x00000000d5a502e8,0x00000000d5a80000)
  to   space 1536K, 0% used [0x00000000d5780000,0x00000000d5780000,0x00000000d5900000)
 ParOldGen       total 717312K, used 717012K [0x0000000080000000, 0x00000000abc80000, 0x00000000d5580000)
  object space 717312K, 99% used [0x0000000080000000,0x00000000abc35128,0x00000000abc80000)
 Metaspace       used 70185K, committed 71680K, reserved 1114112K
  class space    used 7297K, committed 7936K, reserved 1048576K
}
Event: 355136.496 GC heap after
{Heap after GC invocations=326 (full 3):
 PSYoungGen      total 3584K, used 1509K [0x00000000d5580000, 0x00000000d5e80000, 0x0000000100000000)
  eden space 2048K, 0% used [0x00000000d5580000,0x00000000d5580000,0x00000000d5780000)
  from space 1536K, 98% used [0x00000000d5780000,0x00000000d58f96a0,0x00000000d5900000)
  to   space 3584K, 0% used [0x00000000d5b00000,0x00000000d5b00000,0x00000000d5e80000)
 ParOldGen       total 718848K, used 718451K [0x0000000080000000, 0x00000000abe00000, 0x00000000d5580000)
  object space 718848K, 99% used [0x0000000080000000,0x00000000abd9cc50,0x00000000abe00000)
 Metaspace       used 70185K, committed 71680K, reserved 1114112K
  class space    used 7297K, committed 7936K, reserved 1048576K
}
Event: 355136.513 GC heap before
{Heap before GC invocations=327 (full 3):
 PSYoungGen      total 3584K, used 3557K [0x00000000d5580000, 0x00000000d5e80000, 0x0000000100000000)
  eden space 2048K, 100% used [0x00000000d5580000,0x00000000d5780000,0x00000000d5780000)
  from space 1536K, 98% used [0x00000000d5780000,0x00000000d58f96a0,0x00000000d5900000)
  to   space 3584K, 0% used [0x00000000d5b00000,0x00000000d5b00000,0x00000000d5e80000)
 ParOldGen       total 718848K, used 718451K [0x0000000080000000, 0x00000000abe00000, 0x00000000d5580000)
  object space 718848K, 99% used [0x0000000080000000,0x00000000abd9cc50,0x00000000abe00000)
 Metaspace       used 70189K, committed 71680K, reserved 1114112K
  class space    used 7297K, committed 7936K, reserved 1048576K
}
Event: 355136.516 GC heap after
{Heap after GC invocations=327 (full 3):
 PSYoungGen      total 4096K, used 1681K [0x00000000d5580000, 0x00000000d5d00000, 0x0000000100000000)
  eden space 2048K, 0% used [0x00000000d5580000,0x00000000d5580000,0x00000000d5780000)
  from space 2048K, 82% used [0x00000000d5b00000,0x00000000d5ca4478,0x00000000d5d00000)
  to   space 2560K, 0% used [0x00000000d5800000,0x00000000d5800000,0x00000000d5a80000)
 ParOldGen       total 720384K, used 719959K [0x0000000080000000, 0x00000000abf80000, 0x00000000d5580000)
  object space 720384K, 99% used [0x0000000080000000,0x00000000abf15ff8,0x00000000abf80000)
 Metaspace       used 70189K, committed 71680K, reserved 1114112K
  class space    used 7297K, committed 7936K, reserved 1048576K
}
Event: 355136.544 GC heap before
{Heap before GC invocations=328 (full 3):
 PSYoungGen      total 4096K, used 3717K [0x00000000d5580000, 0x00000000d5d00000, 0x0000000100000000)
  eden space 2048K, 99% used [0x00000000d5580000,0x00000000d577d1a0,0x00000000d5780000)
  from space 2048K, 82% used [0x00000000d5b00000,0x00000000d5ca4478,0x00000000d5d00000)
  to   space 2560K, 0% used [0x00000000d5800000,0x00000000d5800000,0x00000000d5a80000)
 ParOldGen       total 720384K, used 719959K [0x0000000080000000, 0x00000000abf80000, 0x00000000d5580000)
  object space 720384K, 99% used [0x0000000080000000,0x00000000abf15ff8,0x00000000abf80000)
 Metaspace       used 70207K, committed 71744K, reserved 1114112K
  class space    used 7297K, committed 7936K, reserved 1048576K
}
Event: 355136.547 GC heap after
{Heap after GC invocations=328 (full 3):
 PSYoungGen      total 3072K, used 608K [0x00000000d5580000, 0x00000000d5b80000, 0x0000000100000000)
  eden space 2048K, 0% used [0x00000000d5580000,0x00000000d5580000,0x00000000d5780000)
  from space 1024K, 59% used [0x00000000d5800000,0x00000000d5898000,0x00000000d5900000)
  to   space 1536K, 0% used [0x00000000d5a00000,0x00000000d5a00000,0x00000000d5b80000)
 ParOldGen       total 721920K, used 721563K [0x0000000080000000, 0x00000000ac100000, 0x00000000d5580000)
  object space 721920K, 99% used [0x0000000080000000,0x00000000ac0a6c30,0x00000000ac100000)
 Metaspace       used 70207K, committed 71744K, reserved 1114112K
  class space    used 7297K, committed 7936K, reserved 1048576K
}
Event: 355263.215 GC heap before
{Heap before GC invocations=329 (full 3):
 PSYoungGen      total 3072K, used 2655K [0x00000000d5580000, 0x00000000d5b80000, 0x0000000100000000)
  eden space 2048K, 99% used [0x00000000d5580000,0x00000000d577fff8,0x00000000d5780000)
  from space 1024K, 59% used [0x00000000d5800000,0x00000000d5898000,0x00000000d5900000)
  to   space 1536K, 0% used [0x00000000d5a00000,0x00000000d5a00000,0x00000000d5b80000)
 ParOldGen       total 721920K, used 721563K [0x0000000080000000, 0x00000000ac100000, 0x00000000d5580000)
  object space 721920K, 99% used [0x0000000080000000,0x00000000ac0a6c30,0x00000000ac100000)
 Metaspace       used 70215K, committed 71744K, reserved 1114112K
  class space    used 7297K, committed 7936K, reserved 1048576K
}
Event: 355263.217 GC heap after
{Heap after GC invocations=329 (full 3):
 PSYoungGen      total 2560K, used 320K [0x00000000d5580000, 0x00000000d5a80000, 0x0000000100000000)
  eden space 2048K, 0% used [0x00000000d5580000,0x00000000d5580000,0x00000000d5780000)
  from space 512K, 62% used [0x00000000d5a00000,0x00000000d5a50000,0x00000000d5a80000)
  to   space 512K, 0% used [0x00000000d5980000,0x00000000d5980000,0x00000000d5a00000)
 ParOldGen       total 722432K, used 722063K [0x0000000080000000, 0x00000000ac180000, 0x00000000d5580000)
  object space 722432K, 99% used [0x0000000080000000,0x00000000ac123c90,0x00000000ac180000)
 Metaspace       used 70215K, committed 71744K, reserved 1114112K
  class space    used 7297K, committed 7936K, reserved 1048576K
}

